<?xml version="1.0" encoding="UTF-8"?>
<!-- Generated by org.testng.reporters.JUnitReportReporter -->
<testsuite hostname="Hp_Laptop" failures="0" tests="1" name="Dropdown.PS2" time="0.021" errors="0" timestamp="2025-07-22T23:59:22 PKT" skipped="0">
  <testcase classname="Dropdown.PS2" name="testRun" time="0.021"/>
</testsuite> <!-- Dropdown.PS2 -->
