<?xml version="1.0" encoding="UTF-8"?>
<!-- Generated by org.testng.reporters.JUnitReportReporter -->
<testsuite hostname="Hp_Laptop" failures="0" tests="1" name="TestNg.PS1" time="0.018" errors="0" timestamp="2025-07-24T00:24:21 PKT" skipped="0">
  <testcase classname="TestNg.PS1" name="TestRun" time="0.018"/>
</testsuite> <!-- TestNg.PS1 -->
