<?xml version="1.0" encoding="UTF-8"?>
<!-- Generated by org.testng.reporters.JUnitReportReporter -->
<testsuite hostname="Hp_Laptop" failures="0" tests="8" name="TestNg.Practice_Two" time="0.029" errors="0" timestamp="2025-07-22T00:56:45 PKT" skipped="0">
  <testcase classname="TestNg.Practice_Two" name="Build" time="0.003"/>
  <testcase classname="TestNg.Practice_Two" name="MobileSignInCarLoan" time="0.001"/>
  <testcase classname="TestNg.Practice_Two" name="MobileLoginCarLoan" time="0.005"/>
  <testcase classname="TestNg.Practice_Two" name="MobileSigout" time="0.003"/>
  <testcase classname="TestNg.Practice_Two" name="ApiLoginCarLoan" time="0.009"/>
  <testcase classname="TestNg.Practice_Two" name="MobileLoginCarLoan" time="0.002"/>
  <testcase classname="TestNg.Practice_Two" name="MobileLoginCarLoan" time="0.003"/>
  <testcase classname="TestNg.Practice_Two" name="WebLoginCarLoan" time="0.003"/>
</testsuite> <!-- TestNg.Practice_Two -->
