<?xml version="1.0" encoding="UTF-8"?>
<!-- Generated by org.testng.reporters.JUnitReportReporter -->
<testsuite hostname="Hp_Laptop" failures="0" tests="1" name="TestNg.Practice_Three" time="0.002" errors="0" timestamp="2025-07-22T00:56:45 PKT" skipped="0">
  <testcase classname="TestNg.Practice_Three" name="Test" time="0.002"/>
</testsuite> <!-- TestNg.Practice_Three -->
